2025-05-13 00:47:28,463 - INFO - Starting shapefile plotting process
2025-05-13 00:47:28,464 - INFO - Processing delivery: Levering_25G0250699_1
2025-05-13 00:47:28,464 - INFO - Found XML file: data/extracted/Levering_25G0250699_1/25G0250699_1/GI_gebiedsinformatielevering_25G0250699_1_V2.xml
2025-05-13 00:47:28,465 - INFO - Found PNG file: data/extracted/Levering_25G0250699_1/25G0250699_1/bronnen/GB_25G0250699.png
2025-05-13 00:47:28,465 - INFO - Found shapefile directory: data/outputs/Levering_25G0250699_1
2025-05-13 00:47:28,470 - INFO - Retrieved bounding box from data/extracted/Levering_25G0250699_1/25G0250699_1/GI_gebiedsinformatielevering_25G0250699_1_V2.xml
2025-05-13 00:47:29,318 - INFO - Plotted layer: KLIC_Administratief_line
2025-05-13 00:47:29,704 - INFO - Plotted layer: KLIC_Administratief_polygon
2025-05-13 00:47:30,085 - INFO - Plotted layer: KLIC_Administratief_point
2025-05-13 00:47:31,449 - INFO - Saved plot to data/extracted/plots/Levering_25G0250699_1_plot.png
2025-05-13 00:47:31,449 - INFO - Successfully created plot: data/extracted/plots/Levering_25G0250699_1_plot.png
2025-05-13 00:47:31,449 - INFO - Processing delivery: Levering_25O0060098_1
2025-05-13 00:47:31,450 - INFO - Found XML file: data/extracted/Levering_25O0060098_1/25O0060098_1/GI_gebiedsinformatielevering_25O0060098_1_V2.xml
2025-05-13 00:47:31,451 - INFO - Found PNG file: data/extracted/Levering_25O0060098_1/25O0060098_1/bronnen/GB_25O0060098.png
2025-05-13 00:47:31,451 - INFO - Found shapefile directory: data/outputs/Levering_25O0060098_1
2025-05-13 00:47:32,567 - INFO - Retrieved bounding box from data/extracted/Levering_25O0060098_1/25O0060098_1/GI_gebiedsinformatielevering_25O0060098_1_V2.xml
2025-05-13 00:47:34,377 - INFO - Plotted layer: KLIC_Administratief_line
2025-05-13 00:47:35,330 - INFO - Plotted layer: KLIC_Administratief_point
2025-05-13 00:47:36,719 - INFO - Saved plot to data/extracted/plots/Levering_25O0060098_1_plot.png
2025-05-13 00:47:36,719 - INFO - Successfully created plot: data/extracted/plots/Levering_25O0060098_1_plot.png
2025-05-13 00:47:36,719 - INFO - Processing delivery: Levering_25G0250414_1
2025-05-13 00:47:36,720 - INFO - Found XML file: data/extracted/Levering_25G0250414_1/25G0250414_1/GI_gebiedsinformatielevering_25G0250414_1_V2.xml
2025-05-13 00:47:36,720 - INFO - Found PNG file: data/extracted/Levering_25G0250414_1/25G0250414_1/bronnen/GB_25G0250414.png
2025-05-13 00:47:36,720 - INFO - Found shapefile directory: data/outputs/Levering_25G0250414_1
2025-05-13 00:47:36,722 - INFO - Retrieved bounding box from data/extracted/Levering_25G0250414_1/25G0250414_1/GI_gebiedsinformatielevering_25G0250414_1_V2.xml
2025-05-13 00:47:36,959 - INFO - Plotted layer: KLIC_Administratief_line
2025-05-13 00:47:37,119 - INFO - Plotted layer: KLIC_Administratief_polygon
2025-05-13 00:47:37,353 - INFO - Plotted layer: KLIC_Administratief_point
2025-05-13 00:47:38,594 - INFO - Saved plot to data/extracted/plots/Levering_25G0250414_1_plot.png
2025-05-13 00:47:38,594 - INFO - Successfully created plot: data/extracted/plots/Levering_25G0250414_1_plot.png
2025-05-13 00:47:38,595 - INFO - Processing delivery: Levering_25G0132393_1
2025-05-13 00:47:38,595 - INFO - Found XML file: data/extracted/Levering_25G0132393_1/25G0132393_1/GI_gebiedsinformatielevering_25G0132393_1_V2.xml
2025-05-13 00:47:38,595 - INFO - Found PNG file: data/extracted/Levering_25G0132393_1/25G0132393_1/bronnen/GB_25G0132393.png
2025-05-13 00:47:38,596 - INFO - Found shapefile directory: data/outputs/Levering_25G0132393_1
2025-05-13 00:47:38,626 - INFO - Retrieved bounding box from data/extracted/Levering_25G0132393_1/25G0132393_1/GI_gebiedsinformatielevering_25G0132393_1_V2.xml
2025-05-13 00:47:39,298 - INFO - Plotted layer: KLIC_Administratief_line
2025-05-13 00:47:39,714 - INFO - Plotted layer: KLIC_Administratief_polygon
2025-05-13 00:47:40,196 - INFO - Plotted layer: KLIC_Administratief_point
2025-05-13 00:47:41,655 - INFO - Saved plot to data/extracted/plots/Levering_25G0132393_1_plot.png
2025-05-13 00:47:41,655 - INFO - Successfully created plot: data/extracted/plots/Levering_25G0132393_1_plot.png
2025-05-13 00:47:41,655 - INFO - Processing delivery: Levering_25G0250429_1
2025-05-13 00:47:41,656 - INFO - Found XML file: data/extracted/Levering_25G0250429_1/25G0250429_1/GI_gebiedsinformatielevering_25G0250429_1_V2.xml
2025-05-13 00:47:41,656 - INFO - Found PNG file: data/extracted/Levering_25G0250429_1/25G0250429_1/bronnen/GB_25G0250429.png
2025-05-13 00:47:41,656 - INFO - Found shapefile directory: data/outputs/Levering_25G0250429_1
2025-05-13 00:47:41,657 - ERROR - No shapefiles found in data/outputs/Levering_25G0250429_1
2025-05-13 00:47:41,657 - INFO - Completed shapefile plotting process
