2025-05-13 00:57:38,415 - INFO - Starting shapefile plotting process
2025-05-13 00:57:38,416 - INFO - Processing delivery: Levering_25G0250699_1
2025-05-13 00:57:38,417 - INFO - Found XML file: data/extracted/Levering_25G0250699_1/25G0250699_1/GI_gebiedsinformatielevering_25G0250699_1_V2.xml
2025-05-13 00:57:38,418 - INFO - Found PNG file: data/extracted/Levering_25G0250699_1/25G0250699_1/bronnen/GB_25G0250699.png
2025-05-13 00:57:38,418 - INFO - Found shapefile directory: data/outputs/Levering_25G0250699_1
2025-05-13 00:57:38,425 - INFO - Retrieved bounding box from data/extracted/Levering_25G0250699_1/25G0250699_1/GI_gebiedsinformatielevering_25G0250699_1_V2.xml
2025-05-13 00:57:40,650 - INFO - Plotted layer: KLIC_Administratief_polygon
2025-05-13 00:57:42,296 - INFO - Plotted layer: KLIC_Administratief_line
2025-05-13 00:57:44,664 - INFO - Plotted layer: KLIC_Administratief_point
2025-05-13 00:57:46,417 - INFO - Plotted layer: KLIC_Administratief_line
2025-05-13 00:57:48,138 - INFO - Plotted layer: KLIC_Administratief_polygon
2025-05-13 00:57:49,762 - INFO - Plotted layer: KLIC_Administratief_point
2025-05-13 00:57:56,341 - INFO - Saved plot to data/extracted/plots/Levering_25G0250699_1_plot.png
2025-05-13 00:57:56,341 - INFO - Successfully created plot: data/extracted/plots/Levering_25G0250699_1_plot.png
2025-05-13 00:57:56,341 - INFO - Processing delivery: Levering_25O0060098_1
2025-05-13 00:57:56,342 - INFO - Found XML file: data/extracted/Levering_25O0060098_1/25O0060098_1/GI_gebiedsinformatielevering_25O0060098_1_V2.xml
2025-05-13 00:57:56,343 - INFO - Found PNG file: data/extracted/Levering_25O0060098_1/25O0060098_1/bronnen/GB_25O0060098.png
2025-05-13 00:57:56,343 - INFO - Found shapefile directory: data/outputs/Levering_25O0060098_1
2025-05-13 00:57:57,520 - INFO - Retrieved bounding box from data/extracted/Levering_25O0060098_1/25O0060098_1/GI_gebiedsinformatielevering_25O0060098_1_V2.xml
2025-05-13 00:57:59,519 - INFO - Plotted layer: KLIC_Administratief_line
2025-05-13 00:58:00,864 - INFO - Plotted layer: KLIC_Administratief_point
2025-05-13 00:58:02,543 - INFO - Plotted layer: KLIC_Administratief_line
2025-05-13 00:58:03,912 - INFO - Plotted layer: KLIC_Administratief_point
2025-05-13 00:58:08,796 - INFO - Saved plot to data/extracted/plots/Levering_25O0060098_1_plot.png
2025-05-13 00:58:08,797 - INFO - Successfully created plot: data/extracted/plots/Levering_25O0060098_1_plot.png
2025-05-13 00:58:08,797 - INFO - Processing delivery: Levering_25G0250414_1
2025-05-13 00:58:08,797 - INFO - Found XML file: data/extracted/Levering_25G0250414_1/25G0250414_1/GI_gebiedsinformatielevering_25G0250414_1_V2.xml
2025-05-13 00:58:08,797 - INFO - Found PNG file: data/extracted/Levering_25G0250414_1/25G0250414_1/bronnen/GB_25G0250414.png
2025-05-13 00:58:08,798 - INFO - Found shapefile directory: data/outputs/Levering_25G0250414_1
2025-05-13 00:58:08,799 - INFO - Retrieved bounding box from data/extracted/Levering_25G0250414_1/25G0250414_1/GI_gebiedsinformatielevering_25G0250414_1_V2.xml
2025-05-13 00:58:09,625 - INFO - Plotted layer: KLIC_Administratief_polygon
2025-05-13 00:58:10,341 - INFO - Plotted layer: KLIC_Administratief_line
2025-05-13 00:58:11,003 - INFO - Plotted layer: KLIC_Administratief_point
2025-05-13 00:58:11,673 - INFO - Plotted layer: KLIC_Administratief_line
2025-05-13 00:58:12,335 - INFO - Plotted layer: KLIC_Administratief_polygon
2025-05-13 00:58:12,972 - INFO - Plotted layer: KLIC_Administratief_point
2025-05-13 00:58:17,268 - INFO - Saved plot to data/extracted/plots/Levering_25G0250414_1_plot.png
2025-05-13 00:58:17,269 - INFO - Successfully created plot: data/extracted/plots/Levering_25G0250414_1_plot.png
2025-05-13 00:58:17,269 - INFO - Processing delivery: Levering_25G0132393_1
2025-05-13 00:58:17,269 - INFO - Found XML file: data/extracted/Levering_25G0132393_1/25G0132393_1/GI_gebiedsinformatielevering_25G0132393_1_V2.xml
2025-05-13 00:58:17,270 - INFO - Found PNG file: data/extracted/Levering_25G0132393_1/25G0132393_1/bronnen/GB_25G0132393.png
2025-05-13 00:58:17,270 - INFO - Found shapefile directory: data/outputs/Levering_25G0132393_1
2025-05-13 00:58:17,311 - INFO - Retrieved bounding box from data/extracted/Levering_25G0132393_1/25G0132393_1/GI_gebiedsinformatielevering_25G0132393_1_V2.xml
2025-05-13 00:58:20,118 - INFO - Plotted layer: KLIC_Administratief_polygon
2025-05-13 00:58:22,200 - INFO - Plotted layer: KLIC_Administratief_line
2025-05-13 00:58:24,385 - INFO - Plotted layer: KLIC_Administratief_point
2025-05-13 00:58:26,753 - INFO - Plotted layer: KLIC_Administratief_line
2025-05-13 00:58:28,699 - INFO - Plotted layer: KLIC_Administratief_polygon
2025-05-13 00:58:30,725 - INFO - Plotted layer: KLIC_Administratief_point
2025-05-13 00:58:38,251 - INFO - Saved plot to data/extracted/plots/Levering_25G0132393_1_plot.png
2025-05-13 00:58:38,252 - INFO - Successfully created plot: data/extracted/plots/Levering_25G0132393_1_plot.png
2025-05-13 00:58:38,252 - INFO - Processing delivery: Levering_25G0250429_1
2025-05-13 00:58:38,252 - INFO - Found XML file: data/extracted/Levering_25G0250429_1/25G0250429_1/GI_gebiedsinformatielevering_25G0250429_1_V2.xml
2025-05-13 00:58:38,253 - INFO - Found PNG file: data/extracted/Levering_25G0250429_1/25G0250429_1/bronnen/GB_25G0250429.png
2025-05-13 00:58:38,253 - INFO - Found shapefile directory: data/outputs/Levering_25G0250429_1
2025-05-13 00:58:38,253 - ERROR - No shapefiles found in data/outputs/Levering_25G0250429_1
2025-05-13 00:58:38,253 - INFO - Completed shapefile plotting process
